
> build
> vite build

[36mvite v8.0.10 [32mbuilding client environment for production...[36m[39m
[plugin @laravel/vite-plugin-wayfinder] Types generated for actions, routes, form variants
[2Ktransforming...✓ 2270 modules transformed.
rendering chunks...
computing gzip size...
public/build/assets/instrument-sans-400-normal-Q_nF8v4l.woff2    6.85 kB
public/build/assets/instrument-sans-600-normal-BsaQcF38.woff2    6.94 kB
public/build/assets/instrument-sans-500-normal-CTEe1bJa.woff2    6.98 kB
public/build/assets/instrument-sans-400-normal-r32jotim.woff     8.96 kB
public/build/assets/instrument-sans-500-normal-CAxz3nsc.woff     9.06 kB
public/build/assets/instrument-sans-600-normal-DMks36a2.woff     9.10 kB
public/build/fonts-manifest.json                                11.19 kB │ gzip:  0.97 kB
public/build/manifest.json                                      11.84 kB │ gzip:  1.53 kB
public/build/assets/instrument-sans-400-normal-DRC__1Mx.woff2   16.86 kB
public/build/assets/instrument-sans-500-normal-Dk9ku72i.woff2   17.23 kB
public/build/assets/instrument-sans-600-normal-B7fBEWYG.woff2   17.40 kB
public/build/assets/instrument-sans-400-normal-D1W7dsQl.woff    21.24 kB
public/build/assets/instrument-sans-500-normal-Z6ESRlEs.woff    21.65 kB
public/build/assets/instrument-sans-600-normal-B9e8oLYv.woff    21.67 kB
public/build/assets/fonts-DkuEHybc.css                           4.76 kB │ gzip:  0.55 kB
public/build/assets/app-9pSwpQeg.css                           102.97 kB │ gzip: 16.99 kB
public/build/assets/check-DqFQxo-I.js                            0.11 kB │ gzip:  0.12 kB
public/build/assets/loader-circle-BDBthAcD.js                    0.13 kB │ gzip:  0.14 kB
public/build/assets/plus-DeqkXXX2.js                             0.14 kB │ gzip:  0.13 kB
public/build/assets/eye-CG93ziRS.js                              0.24 kB │ gzip:  0.19 kB
public/build/assets/confirm-DwWWaVUW.js                          0.36 kB │ gzip:  0.22 kB
public/build/assets/input-error-CyFtVtwJ.js                      0.44 kB │ gzip:  0.32 kB
public/build/assets/spinner-DMz9dkXv.js                          0.47 kB │ gzip:  0.34 kB
public/build/assets/text-link-Bz0Ig7f9.js                        0.61 kB │ gzip:  0.41 kB
public/build/assets/label-D2surxbp.js                            0.83 kB │ gzip:  0.54 kB
public/build/assets/wayfinder-CQ_JQvt5.js                        0.89 kB │ gzip:  0.52 kB
public/build/assets/verify-email-DT4JgQ37.js                     1.31 kB │ gzip:  0.71 kB
public/build/assets/confirm-password-BgCH4NDy.js                 1.37 kB │ gzip:  0.68 kB
public/build/assets/verification-CLh8jWuJ.js                     1.48 kB │ gzip:  0.52 kB
public/build/assets/password-input-BejuWx8p.js                   1.65 kB │ gzip:  0.95 kB
public/build/assets/card-BB0yI2-x.js                             1.72 kB │ gzip:  0.47 kB
public/build/assets/forgot-password-Ba9cRdfy.js                  1.94 kB │ gzip:  0.90 kB
public/build/assets/reset-password-B9-2PGaX.js                   2.23 kB │ gzip:  0.91 kB
public/build/assets/appearance-Cy53RBvY.js                       2.55 kB │ gzip:  1.24 kB
public/build/assets/password-Bbej_6MF.js                         2.73 kB │ gzip:  0.73 kB
public/build/assets/two-factor-challenge-CdUIKguk.js             2.74 kB │ gzip:  1.25 kB
public/build/assets/register-B9BGHtSO.js                         2.77 kB │ gzip:  1.04 kB
public/build/assets/dialog-DZfIyK7q.js                           4.02 kB │ gzip:  1.23 kB
public/build/assets/member-register-DjK9XRYl.js                  5.24 kB │ gzip:  2.02 kB
public/build/assets/profile-DKutwB9j.js                          6.88 kB │ gzip:  2.34 kB
public/build/assets/login-fOb7d6Sc.js                            9.87 kB │ gzip:  3.95 kB
public/build/assets/use-two-factor-auth-DJkLYZyH.js             16.69 kB │ gzip:  6.02 kB
public/build/assets/security-Y5K6I7A5.js                        20.00 kB │ gzip:  6.96 kB
public/build/assets/dashboard-Dyo62vD0.js                       24.47 kB │ gzip:  5.74 kB
public/build/assets/welcome-CxxaoJgq.js                         30.71 kB │ gzip:  6.50 kB
public/build/assets/app-CXulpfSg.js                            220.67 kB │ gzip: 64.05 kB
public/build/assets/jsx-runtime-Dd4h_rRE.js                    313.54 kB │ gzip: 98.70 kB

[32m✓ built in 2.82s[39m
